#
# A fatal error has been detected by the Java Runtime Environment:
#
#  EXCEPTION_ACCESS_VIOLATION (0xc0000005) at pc=0x000000006e72109e, pid=3728, tid=8244
#
# JRE version: Java(TM) SE Runtime Environment (8.0_60-b27) (build 1.8.0_60-b27)
# Java VM: Java HotSpot(TM) 64-Bit Server VM (25.60-b23 mixed mode windows-amd64 compressed oops)
# Problematic frame:
# V  [jvm.dll+0x53109e]
#
# Failed to write core dump. Minidumps are not enabled by default on client versions of Windows
#
# If you would like to submit a bug report, please visit:
#   http://bugreport.java.com/bugreport/crash.jsp
#

---------------  T H R E A D  ---------------

Current thread (0x000000001536d800):  JavaThread "C2 CompilerThread1" daemon [_thread_in_native, id=8244, stack(0x0000000016ac0000,0x0000000016bc0000)]

siginfo: ExceptionCode=0xc0000005, reading address 0x000000056fc2bd48

Registers:
RAX=0x00000000153bac00, RBX=0x000000001b2de1d0, RCX=0x00000000ca56bfd8, RDX=0x0000000094ad7fae
RSP=0x0000000016bbdbe8, RBP=0x0000000016bbdd50, RSI=0x000000001536d800, RDI=0x0000000016bbe880
R8 =0x00000000ca56bfd7, R9 =0x00000000000000da, R10=0x0000000016bbdc20, R11=0x00000000153b5040
R12=0x0000000016bbe970, R13=0x0000000000000001, R14=0x0000000016bbe880, R15=0x0000000000000000
RIP=0x000000006e72109e, EFLAGS=0x0000000000010212

Top of Stack: (sp=0x0000000016bbdbe8)
0x0000000016bbdbe8:   000000006e71c5ad 000000001b2de1d0
0x0000000016bbdbf8:   0000000016bbdd50 000000001536d800
0x0000000016bbdc08:   000000006e7c86c8 0000000000000080
0x0000000016bbdc18:   000000006e285477 00000000153b5040
0x0000000016bbdc28:   ca56bfd70000006d 00000000153ba240
0x0000000016bbdc38:   00000000153ba240 0000000016bbeae0
0x0000000016bbdc48:   000000006e65f3e9 000000001e5f1760
0x0000000016bbdc58:   0000000016bbdd50 000000001536d800
0x0000000016bbdc68:   0000000016bbf014 0000000000000060
0x0000000016bbdc78:   0000000016bbf088 0000000000000010
0x0000000016bbdc88:   000000001e5f8760 0000000016bbf218
0x0000000016bbdc98:   0000000016bbf230 0000000015365410
0x0000000016bbdca8:   0000000000000004 0000000000000000
0x0000000016bbdcb8:   0000000000000000 0000000000000002
0x0000000016bbdcc8:   0000000000000000 0000000000000000
0x0000000016bbdcd8:   0000000000000000 0000000000000000 

Instructions: (pc=0x000000006e72109e)
0x000000006e72107e:   0c 45 85 c0 74 dc 41 ff c8 44 8b ca 45 89 42 0c
0x000000006e72108e:   49 8b 43 08 43 8d 14 00 4d 03 c9 4a 8b 4c c8 08
0x000000006e72109e:   48 8b 04 d1 43 8d 54 00 01 49 89 42 10 49 8b 43
0x000000006e7210ae:   08 4a 8b 4c c8 08 48 8b 04 d1 49 89 42 18 c3 33 


Register to memory mapping:

RAX=0x00000000153bac00 is an unknown value
RBX=0x000000001b2de1d0 is an unknown value
RCX=0x00000000ca56bfd8 is an unallocated location in the heap
RDX=0x0000000094ad7fae is an unknown value
RSP=0x0000000016bbdbe8 is pointing into the stack for thread: 0x000000001536d800
RBP=0x0000000016bbdd50 is pointing into the stack for thread: 0x000000001536d800
RSI=0x000000001536d800 is a thread
RDI=0x0000000016bbe880 is pointing into the stack for thread: 0x000000001536d800
R8 =0x00000000ca56bfd7 is an unallocated location in the heap
R9 =0x00000000000000da is an unknown value
R10=0x0000000016bbdc20 is pointing into the stack for thread: 0x000000001536d800
R11=0x00000000153b5040 is an unknown value
R12=0x0000000016bbe970 is pointing into the stack for thread: 0x000000001536d800
R13=0x0000000000000001 is an unknown value
R14=0x0000000016bbe880 is pointing into the stack for thread: 0x000000001536d800
R15=0x0000000000000000 is an unknown value


Stack: [0x0000000016ac0000,0x0000000016bc0000],  sp=0x0000000016bbdbe8,  free space=1014k
Native frames: (J=compiled Java code, j=interpreted, Vv=VM code, C=native code)
V  [jvm.dll+0x53109e]


Current CompileTask:
C2:9908806 23139       4       org.slf4j.helpers.MessageFormatter::arrayFormat (306 bytes)


---------------  P R O C E S S  ---------------

Java Threads: ( => current thread )
  0x000000001b7e7000 JavaThread "Stdin handler" [_thread_blocked, id=2448, stack(0x0000000065ea0000,0x0000000065fa0000)]
  0x000000001b7de800 JavaThread "Daemon worker Thread 26" [_thread_in_native, id=1392, stack(0x0000000065da0000,0x0000000065ea0000)]
  0x000000001b7dd800 JavaThread "Cancel handler" [_thread_blocked, id=2896, stack(0x0000000065ca0000,0x0000000065da0000)]
  0x000000001b7e4800 JavaThread "Handler for socket connection from /127.0.0.1:24490 to /127.0.0.1:7619" [_thread_in_native, id=2228, stack(0x0000000065ba0000,0x0000000065ca0000)]
  0x000000001b7e3000 JavaThread "Daemon Thread 26" [_thread_blocked, id=5440, stack(0x0000000065aa0000,0x0000000065ba0000)]
  0x000000001b7e0000 JavaThread "pool-2-thread-3" [_thread_blocked, id=9600, stack(0x0000000023ba0000,0x0000000023ca0000)]
  0x000000001cb8c800 JavaThread "pool-2-thread-4" [_thread_blocked, id=9868, stack(0x0000000023aa0000,0x0000000023ba0000)]
  0x000000001cb8c000 JavaThread "pool-2-thread-1" [_thread_blocked, id=232, stack(0x00000000239a0000,0x0000000023aa0000)]
  0x000000001cb8d800 JavaThread "pool-2-thread-2" [_thread_blocked, id=7008, stack(0x00000000238a0000,0x00000000239a0000)]
  0x00000000182b3000 JavaThread "File lock request listener" [_thread_in_native, id=3680, stack(0x000000001bd60000,0x000000001be60000)]
  0x0000000017f4f000 JavaThread "Incoming local TCP Connector on port 24490" [_thread_in_native, id=3916, stack(0x0000000017ac0000,0x0000000017bc0000)]
  0x00000000153cd800 JavaThread "Service Thread" daemon [_thread_blocked, id=8096, stack(0x00000000170c0000,0x00000000171c0000)]
  0x0000000015377800 JavaThread "C1 CompilerThread2" daemon [_thread_blocked, id=7044, stack(0x0000000016bc0000,0x0000000016cc0000)]
=>0x000000001536d800 JavaThread "C2 CompilerThread1" daemon [_thread_in_native, id=8244, stack(0x0000000016ac0000,0x0000000016bc0000)]
  0x000000001536b800 JavaThread "C2 CompilerThread0" daemon [_thread_blocked, id=5944, stack(0x00000000169c0000,0x0000000016ac0000)]
  0x000000001536a000 JavaThread "Attach Listener" daemon [_thread_blocked, id=10476, stack(0x00000000168c0000,0x00000000169c0000)]
  0x0000000015369000 JavaThread "Signal Dispatcher" daemon [_thread_blocked, id=8604, stack(0x00000000167c0000,0x00000000168c0000)]
  0x0000000002c99000 JavaThread "Finalizer" daemon [_thread_blocked, id=9300, stack(0x00000000165c0000,0x00000000166c0000)]
  0x0000000015339000 JavaThread "Reference Handler" daemon [_thread_blocked, id=1204, stack(0x00000000164c0000,0x00000000165c0000)]
  0x0000000002b9e800 JavaThread "main" [_thread_blocked, id=4644, stack(0x0000000002a50000,0x0000000002b50000)]

Other Threads:
  0x0000000015337800 VMThread [stack: 0x00000000163c0000,0x00000000164c0000] [id=1536]
  0x0000000016d18800 WatcherThread [stack: 0x00000000171c0000,0x00000000172c0000] [id=3528]

VM state:not at safepoint (normal execution)

VM Mutex/Monitor currently owned by a thread: None

Heap:
 PSYoungGen      total 175616K, used 43015K [0x00000000eab00000, 0x00000000f6900000, 0x0000000100000000)
  eden space 156672K, 21% used [0x00000000eab00000,0x00000000ecbfc988,0x00000000f4400000)
  from space 18944K, 48% used [0x00000000f5680000,0x00000000f5f85430,0x00000000f6900000)
  to   space 18944K, 0% used [0x00000000f4400000,0x00000000f4400000,0x00000000f5680000)
 ParOldGen       total 145920K, used 42947K [0x00000000c0000000, 0x00000000c8e80000, 0x00000000eab00000)
  object space 145920K, 29% used [0x00000000c0000000,0x00000000c29f0d88,0x00000000c8e80000)
 Metaspace       used 71901K, capacity 80312K, committed 80768K, reserved 1120256K
  class space    used 9247K, capacity 9853K, committed 10112K, reserved 1048576K

Card table byte_map: [0x0000000012060000,0x0000000012270000] byte_map_base: 0x0000000011a60000

Marking Bits: (ParMarkBitMap*) 0x000000006e9fa5b0
 Begin Bits: [0x00000000127d0000, 0x00000000137d0000)
 End Bits:   [0x00000000137d0000, 0x00000000147d0000)

Polling page: 0x0000000001210000

CodeCache: size=245760Kb used=71193Kb max_used=71200Kb free=174566Kb
 bounds [0x0000000002ca0000, 0x00000000072a0000, 0x0000000011ca0000]
 total_blobs=18359 nmethods=17603 adapters=665
 compilation: enabled

Compilation events (10 events):
Event: 9907.911 Thread 0x0000000015377800 23142       1       sun.misc.FloatingDecimal$BinaryToASCIIBuffer::isNegative (5 bytes)
Event: 9907.912 Thread 0x0000000015377800 nmethod 23142 0x0000000007293bd0 code [0x0000000007293d20, 0x0000000007293e30]
Event: 9907.913 Thread 0x0000000015377800 23143       1       sun.misc.FormattedFloatingDecimal::getMantissa (5 bytes)
Event: 9907.914 Thread 0x0000000015377800 nmethod 23143 0x0000000007293910 code [0x0000000007293a60, 0x0000000007293b70]
Event: 9907.948 Thread 0x0000000015377800 23144       3       org.codehaus.groovy.control.ProcessingUnit::<init> (60 bytes)
Event: 9907.949 Thread 0x0000000015377800 nmethod 23144 0x0000000007292ed0 code [0x0000000007293080, 0x0000000007293708]
Event: 9907.950 Thread 0x0000000015377800 23145       3       org.codehaus.groovy.ast.CompileUnit::addClass (333 bytes)
Event: 9907.954 Thread 0x0000000015377800 nmethod 23145 0x0000000007295bd0 code [0x0000000007296240, 0x000000000729af88]
Event: 9907.957 Thread 0x0000000015377800 23146       1       org.codehaus.groovy.ast.expr.VariableExpression::transformExpression (2 bytes)
Event: 9907.957 Thread 0x0000000015377800 nmethod 23146 0x00000000038d1150 code [0x00000000038d12a0, 0x00000000038d13b0]

GC Heap History (10 events):
Event: 7034.935 GC heap before
{Heap before GC invocations=119 (full 28):
 PSYoungGen      total 174592K, used 163861K [0x00000000eab00000, 0x00000000f6a00000, 0x0000000100000000)
  eden space 154624K, 100% used [0x00000000eab00000,0x00000000f4200000,0x00000000f4200000)
  from space 19968K, 46% used [0x00000000f5680000,0x00000000f5f85430,0x00000000f6a00000)
  to   space 20480K, 0% used [0x00000000f4200000,0x00000000f4200000,0x00000000f5600000)
 ParOldGen       total 145920K, used 42734K [0x00000000c0000000, 0x00000000c8e80000, 0x00000000eab00000)
  object space 145920K, 29% used [0x00000000c0000000,0x00000000c29bbb90,0x00000000c8e80000)
 Metaspace       used 71672K, capacity 79944K, committed 80256K, reserved 1120256K
  class space    used 9231K, capacity 9837K, committed 10112K, reserved 1048576K
Event: 7034.939 GC heap after
Heap after GC invocations=119 (full 28):
 PSYoungGen      total 175104K, used 2848K [0x00000000eab00000, 0x00000000f6a00000, 0x0000000100000000)
  eden space 154624K, 0% used [0x00000000eab00000,0x00000000eab00000,0x00000000f4200000)
  from space 20480K, 13% used [0x00000000f4200000,0x00000000f44c8000,0x00000000f5600000)
  to   space 19968K, 0% used [0x00000000f5680000,0x00000000f5680000,0x00000000f6a00000)
 ParOldGen       total 145920K, used 42742K [0x00000000c0000000, 0x00000000c8e80000, 0x00000000eab00000)
  object space 145920K, 29% used [0x00000000c0000000,0x00000000c29bdb90,0x00000000c8e80000)
 Metaspace       used 71672K, capacity 79944K, committed 80256K, reserved 1120256K
  class space    used 9231K, capacity 9837K, committed 10112K, reserved 1048576K
}
Event: 7035.661 GC heap before
{Heap before GC invocations=120 (full 28):
 PSYoungGen      total 175104K, used 63820K [0x00000000eab00000, 0x00000000f6a00000, 0x0000000100000000)
  eden space 154624K, 39% used [0x00000000eab00000,0x00000000ee68b290,0x00000000f4200000)
  from space 20480K, 13% used [0x00000000f4200000,0x00000000f44c8000,0x00000000f5600000)
  to   space 19968K, 0% used [0x00000000f5680000,0x00000000f5680000,0x00000000f6a00000)
 ParOldGen       total 145920K, used 42742K [0x00000000c0000000, 0x00000000c8e80000, 0x00000000eab00000)
  object space 145920K, 29% used [0x00000000c0000000,0x00000000c29bdb90,0x00000000c8e80000)
 Metaspace       used 71679K, capacity 79944K, committed 80256K, reserved 1120256K
  class space    used 9231K, capacity 9837K, committed 10112K, reserved 1048576K
Event: 7035.665 GC heap after
Heap after GC invocations=120 (full 28):
 PSYoungGen      total 174592K, used 1904K [0x00000000eab00000, 0x00000000f6900000, 0x0000000100000000)
  eden space 155648K, 0% used [0x00000000eab00000,0x00000000eab00000,0x00000000f4300000)
  from space 18944K, 10% used [0x00000000f5680000,0x00000000f585c010,0x00000000f6900000)
  to   space 19456K, 0% used [0x00000000f4300000,0x00000000f4300000,0x00000000f5600000)
 ParOldGen       total 145920K, used 42750K [0x00000000c0000000, 0x00000000c8e80000, 0x00000000eab00000)
  object space 145920K, 29% used [0x00000000c0000000,0x00000000c29bfb90,0x00000000c8e80000)
 Metaspace       used 71679K, capacity 79944K, committed 80256K, reserved 1120256K
  class space    used 9231K, capacity 9837K, committed 10112K, reserved 1048576K
}
Event: 7035.665 GC heap before
{Heap before GC invocations=121 (full 29):
 PSYoungGen      total 174592K, used 1904K [0x00000000eab00000, 0x00000000f6900000, 0x0000000100000000)
  eden space 155648K, 0% used [0x00000000eab00000,0x00000000eab00000,0x00000000f4300000)
  from space 18944K, 10% used [0x00000000f5680000,0x00000000f585c010,0x00000000f6900000)
  to   space 19456K, 0% used [0x00000000f4300000,0x00000000f4300000,0x00000000f5600000)
 ParOldGen       total 145920K, used 42750K [0x00000000c0000000, 0x00000000c8e80000, 0x00000000eab00000)
  object space 145920K, 29% used [0x00000000c0000000,0x00000000c29bfb90,0x00000000c8e80000)
 Metaspace       used 71679K, capacity 79944K, committed 80256K, reserved 1120256K
  class space    used 9231K, capacity 9837K, committed 10112K, reserved 1048576K
Event: 7035.899 GC heap after
Heap after GC invocations=121 (full 29):
 PSYoungGen      total 174592K, used 0K [0x00000000eab00000, 0x00000000f6900000, 0x0000000100000000)
  eden space 155648K, 0% used [0x00000000eab00000,0x00000000eab00000,0x00000000f4300000)
  from space 18944K, 0% used [0x00000000f5680000,0x00000000f5680000,0x00000000f6900000)
  to   space 19456K, 0% used [0x00000000f4300000,0x00000000f4300000,0x00000000f5600000)
 ParOldGen       total 145920K, used 42931K [0x00000000c0000000, 0x00000000c8e80000, 0x00000000eab00000)
  object space 145920K, 29% used [0x00000000c0000000,0x00000000c29ecd88,0x00000000c8e80000)
 Metaspace       used 71547K, capacity 79504K, committed 80256K, reserved 1120256K
  class space    used 9191K, capacity 9797K, committed 10112K, reserved 1048576K
}
Event: 7065.487 GC heap before
{Heap before GC invocations=122 (full 29):
 PSYoungGen      total 174592K, used 155648K [0x00000000eab00000, 0x00000000f6900000, 0x0000000100000000)
  eden space 155648K, 100% used [0x00000000eab00000,0x00000000f4300000,0x00000000f4300000)
  from space 18944K, 0% used [0x00000000f5680000,0x00000000f5680000,0x00000000f6900000)
  to   space 19456K, 0% used [0x00000000f4300000,0x00000000f4300000,0x00000000f5600000)
 ParOldGen       total 145920K, used 42931K [0x00000000c0000000, 0x00000000c8e80000, 0x00000000eab00000)
  object space 145920K, 29% used [0x00000000c0000000,0x00000000c29ecd88,0x00000000c8e80000)
 Metaspace       used 71786K, capacity 79984K, committed 80512K, reserved 1120256K
  class space    used 9223K, capacity 9829K, committed 10112K, reserved 1048576K
Event: 7065.492 GC heap after
Heap after GC invocations=122 (full 29):
 PSYoungGen      total 175104K, used 2720K [0x00000000eab00000, 0x00000000f6900000, 0x0000000100000000)
  eden space 155648K, 0% used [0x00000000eab00000,0x00000000eab00000,0x00000000f4300000)
  from space 19456K, 13% used [0x00000000f4300000,0x00000000f45a8000,0x00000000f5600000)
  to   space 18944K, 0% used [0x00000000f5680000,0x00000000f5680000,0x00000000f6900000)
 ParOldGen       total 145920K, used 42939K [0x00000000c0000000, 0x00000000c8e80000, 0x00000000eab00000)
  object space 145920K, 29% used [0x00000000c0000000,0x00000000c29eed88,0x00000000c8e80000)
 Metaspace       used 71786K, capacity 79984K, committed 80512K, reserved 1120256K
  class space    used 9223K, capacity 9829K, committed 10112K, reserved 1048576K
}
Event: 7105.699 GC heap before
{Heap before GC invocations=123 (full 29):
 PSYoungGen      total 175104K, used 157408K [0x00000000eab00000, 0x00000000f6900000, 0x0000000100000000)
  eden space 155648K, 99% used [0x00000000eab00000,0x00000000f42100d0,0x00000000f4300000)
  from space 19456K, 13% used [0x00000000f4300000,0x00000000f45a8000,0x00000000f5600000)
  to   space 18944K, 0% used [0x00000000f5680000,0x00000000f5680000,0x00000000f6900000)
 ParOldGen       total 145920K, used 42939K [0x00000000c0000000, 0x00000000c8e80000, 0x00000000eab00000)
  object space 145920K, 29% used [0x00000000c0000000,0x00000000c29eed88,0x00000000c8e80000)
 Metaspace       used 71868K, capacity 80224K, committed 80512K, reserved 1120256K
  class space    used 9239K, capacity 9845K, committed 10112K, reserved 1048576K
Event: 7105.709 GC heap after
Heap after GC invocations=123 (full 29):
 PSYoungGen      total 175616K, used 9237K [0x00000000eab00000, 0x00000000f6900000, 0x0000000100000000)
  eden space 156672K, 0% used [0x00000000eab00000,0x00000000eab00000,0x00000000f4400000)
  from space 18944K, 48% used [0x00000000f5680000,0x00000000f5f85430,0x00000000f6900000)
  to   space 18944K, 0% used [0x00000000f4400000,0x00000000f4400000,0x00000000f5680000)
 ParOldGen       total 145920K, used 42947K [0x00000000c0000000, 0x00000000c8e80000, 0x00000000eab00000)
  object space 145920K, 29% used [0x00000000c0000000,0x00000000c29f0d88,0x00000000c8e80000)
 Metaspace       used 71868K, capacity 80224K, committed 80512K, reserved 1120256K
  class space    used 9239K, capacity 9845K, committed 10112K, reserved 1048576K
}

Deoptimization events (10 events):
Event: 6517.300 Thread 0x000000001b7e7800 Uncommon trap: reason=bimorphic action=maybe_recompile pc=0x00000000031436c4 method=java.lang.StringCoding$StringDecoder.decode([BII)[C @ 48
Event: 6517.300 Thread 0x000000001b7e7800 Uncommon trap: reason=unstable_if action=reinterpret pc=0x00000000039e7fd8 method=java.io.PrintStream.write([BII)V @ 23
Event: 6517.300 Thread 0x000000001b7e7800 Uncommon trap: reason=class_check action=maybe_recompile pc=0x000000000527f844 method=java.io.PrintWriter.write(Ljava/lang/String;II)V @ 19
Event: 6517.301 Thread 0x000000001b7e7800 Uncommon trap: reason=class_check action=maybe_recompile pc=0x000000000527f844 method=java.io.PrintWriter.write(Ljava/lang/String;II)V @ 19
Event: 6517.301 Thread 0x000000001b7e7800 Uncommon trap: reason=class_check action=maybe_recompile pc=0x000000000527f844 method=java.io.PrintWriter.write(Ljava/lang/String;II)V @ 19
Event: 6517.344 Thread 0x000000001b7e7800 Uncommon trap: reason=unstable_if action=reinterpret pc=0x0000000005fefbf8 method=com.sun.tools.javac.comp.Resolve.accessInternal(Lcom/sun/tools/javac/code/Symbol;Lcom/sun/tools/javac/util/JCDiagnostic$DiagnosticPosition;Lcom/sun/tools/javac/code/Symbol;Lc
Event: 6517.352 Thread 0x000000001b7e7800 Uncommon trap: reason=bimorphic action=maybe_recompile pc=0x00000000035c899c method=org.gradle.logging.internal.AbstractStyledTextOutput.text(Ljava/lang/Object;)Lorg/gradle/logging/StyledTextOutput; @ 11
Event: 6517.413 Thread 0x000000001b7e3000 Uncommon trap: reason=unstable_if action=reinterpret pc=0x000000000380b98c method=java.nio.DirectByteBuffer.put([BII)Ljava/nio/ByteBuffer; @ 5
Event: 6566.714 Thread 0x000000001b7e7800 Uncommon trap: reason=null_check action=make_not_entrant pc=0x0000000004181de4 method=java.lang.ThreadLocal$ThreadLocalMap.set(Ljava/lang/ThreadLocal;Ljava/lang/Object;)V @ 36
Event: 6567.474 Thread 0x000000001b7e7800 Uncommon trap: reason=bimorphic action=maybe_recompile pc=0x0000000004363f90 method=java.lang.StringCoding$StringDecoder.decode([BII)[C @ 48

Internal exceptions (10 events):
Event: 6984.579 Thread 0x000000001b7e7000 Exception <a 'java/lang/ClassNotFoundException': asLocalRepo83_34zjczrua6wnuoit2kawu5jf1BeanInfo> (0x00000000eca98d88) thrown at [C:\re\workspace\8-2-build-windows-amd64-cygwin\jdk8u60\4407\hotspot\src\share\vm\classfile\systemDictionary.cpp, line 210]
Event: 6984.579 Thread 0x000000001b7e7000 Exception <a 'java/lang/ClassNotFoundException': asLocalRepo83_34zjczrua6wnuoit2kawu5jf1Customizer> (0x00000000ecaa2038) thrown at [C:\re\workspace\8-2-build-windows-amd64-cygwin\jdk8u60\4407\hotspot\src\share\vm\classfile\systemDictionary.cpp, line 210]
Event: 7034.872 Thread 0x000000001b7e7000 Exception <a 'java/lang/ClassNotFoundException': asLocalRepo84_4pkr1pa82ga4mbiae3xbfppcbBeanInfo> (0x00000000f348ce40) thrown at [C:\re\workspace\8-2-build-windows-amd64-cygwin\jdk8u60\4407\hotspot\src\share\vm\classfile\systemDictionary.cpp, line 210]
Event: 7034.872 Thread 0x000000001b7e7000 Exception <a 'java/lang/ClassNotFoundException': asLocalRepo84_4pkr1pa82ga4mbiae3xbfppcbCustomizer> (0x00000000f34960f0) thrown at [C:\re\workspace\8-2-build-windows-amd64-cygwin\jdk8u60\4407\hotspot\src\share\vm\classfile\systemDictionary.cpp, line 210]
Event: 7054.277 Thread 0x000000001b7e7000 Exception <a 'java/lang/ClassNotFoundException': asLocalRepo85_92q139cr31pm784ypl17lhr7uBeanInfo> (0x00000000eb7f32f8) thrown at [C:\re\workspace\8-2-build-windows-amd64-cygwin\jdk8u60\4407\hotspot\src\share\vm\classfile\systemDictionary.cpp, line 210]
Event: 7054.277 Thread 0x000000001b7e7000 Exception <a 'java/lang/ClassNotFoundException': asLocalRepo85_92q139cr31pm784ypl17lhr7uCustomizer> (0x00000000eb7fc5a8) thrown at [C:\re\workspace\8-2-build-windows-amd64-cygwin\jdk8u60\4407\hotspot\src\share\vm\classfile\systemDictionary.cpp, line 210]
Event: 7065.373 Thread 0x000000001b7e7000 Exception <a 'java/lang/ClassNotFoundException': asLocalRepo86_dixt3btwr1b2zyftvvgkskvpkBeanInfo> (0x00000000f22e65f0) thrown at [C:\re\workspace\8-2-build-windows-amd64-cygwin\jdk8u60\4407\hotspot\src\share\vm\classfile\systemDictionary.cpp, line 210]
Event: 7065.373 Thread 0x000000001b7e7000 Exception <a 'java/lang/ClassNotFoundException': asLocalRepo86_dixt3btwr1b2zyftvvgkskvpkCustomizer> (0x00000000f22ef8a0) thrown at [C:\re\workspace\8-2-build-windows-amd64-cygwin\jdk8u60\4407\hotspot\src\share\vm\classfile\systemDictionary.cpp, line 210]
Event: 7105.301 Thread 0x000000001b7e7000 Exception <a 'java/lang/ClassNotFoundException': asLocalRepo87_8zt4ckv8v8fek4nvhxqn961skBeanInfo> (0x00000000ef602330) thrown at [C:\re\workspace\8-2-build-windows-amd64-cygwin\jdk8u60\4407\hotspot\src\share\vm\classfile\systemDictionary.cpp, line 210]
Event: 7105.302 Thread 0x000000001b7e7000 Exception <a 'java/lang/ClassNotFoundException': asLocalRepo87_8zt4ckv8v8fek4nvhxqn961skCustomizer> (0x00000000ef60b5e0) thrown at [C:\re\workspace\8-2-build-windows-amd64-cygwin\jdk8u60\4407\hotspot\src\share\vm\classfile\systemDictionary.cpp, line 210]

Events (10 events):
Event: 9907.892 Executing VM operation: RevokeBias done
Event: 9907.893 Thread 0x000000001b7dd800 Thread added: 0x000000001b7dd800
Event: 9907.903 Thread 0x000000001b7de800 Thread added: 0x000000001b7de800
Event: 9907.904 Executing VM operation: RevokeBias
Event: 9907.904 Executing VM operation: RevokeBias done
Event: 9907.907 Thread 0x000000001b7e7000 Thread added: 0x000000001b7e7000
Event: 9907.949 Thread 0x0000000015377800 flushing nmethod 0x00000000038d1010
Event: 9907.950 Thread 0x0000000015377800 flushing nmethod 0x0000000003a4a010
Event: 9907.954 Thread 0x0000000015377800 flushing nmethod 0x0000000003b5f810
Event: 9907.955 Thread 0x0000000015377800 flushing nmethod 0x0000000003c3ae90


Dynamic libraries:
0x00007ff615600000 - 0x00007ff615637000 	C:\Program Files\Java\jdk1.8.0_60\bin\java.exe
0x00007ffcd4a30000 - 0x00007ffcd4bf1000 	C:\WINDOWS\SYSTEM32\ntdll.dll
0x00007ffcd3b10000 - 0x00007ffcd3bbd000 	C:\WINDOWS\system32\KERNEL32.DLL
0x00007ffcd1930000 - 0x00007ffcd1b18000 	C:\WINDOWS\system32\KERNELBASE.dll
0x00007ffcd3720000 - 0x00007ffcd37c7000 	C:\WINDOWS\system32\ADVAPI32.dll
0x00007ffcd4990000 - 0x00007ffcd4a2d000 	C:\WINDOWS\system32\msvcrt.dll
0x00007ffcd37f0000 - 0x00007ffcd384b000 	C:\WINDOWS\system32\sechost.dll
0x00007ffcd4290000 - 0x00007ffcd43ac000 	C:\WINDOWS\system32\RPCRT4.dll
0x00007ffcd4060000 - 0x00007ffcd41b6000 	C:\WINDOWS\system32\USER32.dll
0x00007ffcd4410000 - 0x00007ffcd4596000 	C:\WINDOWS\system32\GDI32.dll
0x00007ffccbde0000 - 0x00007ffccc054000 	C:\WINDOWS\WinSxS\amd64_microsoft.windows.common-controls_6595b64144ccf1df_6.0.10586.494_none_a2d8b04ea53e3145\COMCTL32.dll
0x00007ffcd45a0000 - 0x00007ffcd481d000 	C:\WINDOWS\system32\combase.dll
0x00007ffcd11c0000 - 0x00007ffcd122a000 	C:\WINDOWS\system32\bcryptPrimitives.dll
0x00007ffcd38c0000 - 0x00007ffcd38fb000 	C:\WINDOWS\system32\IMM32.DLL
0x000000006de20000 - 0x000000006def2000 	C:\Program Files\Java\jdk1.8.0_60\jre\bin\msvcr100.dll
0x000000006e1f0000 - 0x000000006ea79000 	C:\Program Files\Java\jdk1.8.0_60\jre\bin\server\jvm.dll
0x00007ffcd38b0000 - 0x00007ffcd38b8000 	C:\WINDOWS\system32\PSAPI.DLL
0x00007ffccef40000 - 0x00007ffccef63000 	C:\WINDOWS\SYSTEM32\WINMM.dll
0x00007ffccf5e0000 - 0x00007ffccf5ea000 	C:\WINDOWS\SYSTEM32\VERSION.dll
0x00007ffcc1220000 - 0x00007ffcc1229000 	C:\WINDOWS\SYSTEM32\WSOCK32.dll
0x00007ffcd3bc0000 - 0x00007ffcd3c2b000 	C:\WINDOWS\system32\WS2_32.dll
0x00007ffccef10000 - 0x00007ffccef3c000 	C:\WINDOWS\SYSTEM32\WINMMBASE.dll
0x00007ffcd10e0000 - 0x00007ffcd1123000 	C:\WINDOWS\system32\cfgmgr32.dll
0x000000006eff0000 - 0x000000006efff000 	C:\Program Files\Java\jdk1.8.0_60\jre\bin\verify.dll
0x000000006efc0000 - 0x000000006efe9000 	C:\Program Files\Java\jdk1.8.0_60\jre\bin\java.dll
0x000000006efa0000 - 0x000000006efb6000 	C:\Program Files\Java\jdk1.8.0_60\jre\bin\zip.dll
0x00007ffcd21c0000 - 0x00007ffcd371c000 	C:\WINDOWS\system32\SHELL32.dll
0x00007ffcd12e0000 - 0x00007ffcd1925000 	C:\WINDOWS\system32\windows.storage.dll
0x00007ffcd3850000 - 0x00007ffcd38a2000 	C:\WINDOWS\system32\shlwapi.dll
0x00007ffcd10d0000 - 0x00007ffcd10df000 	C:\WINDOWS\system32\kernel.appcore.dll
0x00007ffcd1cf0000 - 0x00007ffcd1da5000 	C:\WINDOWS\system32\shcore.dll
0x00007ffcd1080000 - 0x00007ffcd10cb000 	C:\WINDOWS\system32\powrprof.dll
0x00007ffcd1050000 - 0x00007ffcd1064000 	C:\WINDOWS\system32\profapi.dll
0x000000006ef80000 - 0x000000006ef9a000 	C:\Program Files\Java\jdk1.8.0_60\jre\bin\net.dll
0x00007ffcd0610000 - 0x00007ffcd066c000 	C:\WINDOWS\system32\mswsock.dll
0x000000006ef60000 - 0x000000006ef71000 	C:\Program Files\Java\jdk1.8.0_60\jre\bin\nio.dll
0x00007ffcbf1c0000 - 0x00007ffcbf1d2000 	C:\Users\Glenn\.gradle\native\19\windows-amd64\native-platform.dll
0x00007ffccd960000 - 0x00007ffccd998000 	C:\WINDOWS\SYSTEM32\IPHLPAPI.DLL
0x00007ffcd37e0000 - 0x00007ffcd37e8000 	C:\WINDOWS\system32\NSI.dll
0x00007ffccb5d0000 - 0x00007ffccb5e6000 	C:\WINDOWS\SYSTEM32\dhcpcsvc6.DLL
0x00007ffccb570000 - 0x00007ffccb58a000 	C:\WINDOWS\SYSTEM32\dhcpcsvc.DLL
0x00007ffcd06c0000 - 0x00007ffcd06d7000 	C:\WINDOWS\SYSTEM32\CRYPTSP.dll
0x00007ffcd0350000 - 0x00007ffcd0384000 	C:\WINDOWS\system32\rsaenh.dll
0x00007ffcd0f80000 - 0x00007ffcd0fa9000 	C:\WINDOWS\SYSTEM32\bcrypt.dll
0x00007ffcd04a0000 - 0x00007ffcd04bf000 	C:\WINDOWS\SYSTEM32\USERENV.dll
0x00007ffcd07e0000 - 0x00007ffcd07eb000 	C:\WINDOWS\SYSTEM32\CRYPTBASE.dll
0x000000006ef50000 - 0x000000006ef5d000 	C:\Program Files\Java\jdk1.8.0_60\jre\bin\management.dll
0x000000006df30000 - 0x000000006df54000 	C:\Program Files\Java\jdk1.8.0_60\jre\bin\sunec.dll
0x000000006de10000 - 0x000000006de1b000 	C:\Program Files\Java\jdk1.8.0_60\jre\bin\sunmscapi.dll
0x00007ffcd1b20000 - 0x00007ffcd1ce8000 	C:\WINDOWS\system32\CRYPT32.dll
0x00007ffcd1070000 - 0x00007ffcd1080000 	C:\WINDOWS\system32\MSASN1.dll
0x00007ffcb0d30000 - 0x00007ffcb0ebc000 	C:\WINDOWS\SYSTEM32\dbghelp.dll

VM Arguments:
jvm_args: -XX:MaxPermSize=256m -XX:+HeapDumpOnOutOfMemoryError -Xmx1024m -Dfile.encoding=windows-1252 -Duser.country=BE -Duser.language=nl -Duser.variant 
java_command: org.gradle.launcher.daemon.bootstrap.GradleDaemon 2.10
java_class_path (initial): C:\Program Files\Android\Android Studio\gradle\gradle-2.10\lib\gradle-launcher-2.10.jar
Launcher Type: SUN_STANDARD

Environment Variables:
JAVA_HOME=C:\Program Files\Java\jdk1.8.0_60
PATH=C:\Python27\;C:\Python27\Scripts;C:\ProgramData\Oracle\Java\javapath;C:\Program Files (x86)\NVIDIA Corporation\PhysX\Common;C:\Program Files (x86)\Intel\iCLS Client\;C:\Program Files\Intel\iCLS Client\;C:\WINDOWS\system32;C:\WINDOWS;C:\WINDOWS\System32\Wbem;C:\WINDOWS\System32\WindowsPowerShell\v1.0\;C:\Program Files\Intel\Intel(R) Management Engine Components\DAL;C:\Program Files\Intel\Intel(R) Management Engine Components\IPT;C:\Program Files (x86)\Intel\Intel(R) Management Engine Components\DAL;C:\Program Files (x86)\Intel\Intel(R) Management Engine Components\IPT;C:\Program Files\Git\cmd;C:\Program Files\nodejs\;C:\Program Files\Microsoft SQL Server\120\Tools\Binn\;C:\Program Files (x86)\Windows Kits\10\Windows Performance Toolkit\;C:\Program Files (x86)\Skype\Phone\;C:\Program Files (x86)\Windows Live\Shared;C:\Program Files\Microsoft\Web Platform Installer\;C:\Program Files\Microsoft SQL Server\110\Tools\Binn\;C:\Program Files (x86)\Microsoft SDKs\TypeScript\1.0\;C:\Users\Glenn\AppData\Roaming\npm;C:\Users\Glenn\AppData\Local\.meteor\;C:\Users\Glenn\AppData\Local\Programs\MiKTeX 2.9\miktex\bin\
USERNAME=Glenn
OS=Windows_NT
PROCESSOR_IDENTIFIER=Intel64 Family 6 Model 69 Stepping 1, GenuineIntel



---------------  S Y S T E M  ---------------

OS: Windows 10.0 , 64 bit Build 10586 (10.0.10586.0)

CPU:total 4 (2 cores per cpu, 2 threads per core) family 6 model 69 stepping 1, cmov, cx8, fxsr, mmx, sse, sse2, sse3, ssse3, sse4.1, sse4.2, popcnt, avx, avx2, aes, clmul, erms, lzcnt, ht, tsc, tscinvbit, bmi1, bmi2

Memory: 4k page, physical 12463368k(4523864k free), swap 14363912k(4734424k free)

vm_info: Java HotSpot(TM) 64-Bit Server VM (25.60-b23) for windows-amd64 JRE (1.8.0_60-b27), built on Aug  4 2015 11:06:27 by "java_re" with MS VC++ 10.0 (VS2010)

time: Tue Aug 16 14:26:17 2016
elapsed time: 9908 seconds (0d 2h 45m 8s)

